0 info it worked if it ends with ok
1 verbose cli [ '/usr/local/bin/node', '/usr/local/bin/npm', 'install', 'node' ]
2 info using npm@3.10.10
3 info using node@v6.11.0
4 silly loadCurrentTree Starting
5 silly install loadCurrentTree
6 silly install readLocalPackageData
7 silly fetchPackageMetaData node@^0.0.0
8 silly fetchNamedPackageData node
9 silly mapToRegistry name node
10 silly mapToRegistry using default registry
11 silly mapToRegistry registry https://registry.npmjs.org/
12 silly mapToRegistry data Result {
12 silly mapToRegistry   raw: 'node',
12 silly mapToRegistry   scope: null,
12 silly mapToRegistry   escapedName: 'node',
12 silly mapToRegistry   name: 'node',
12 silly mapToRegistry   rawSpec: '',
12 silly mapToRegistry   spec: 'latest',
12 silly mapToRegistry   type: 'tag' }
13 silly mapToRegistry uri https://registry.npmjs.org/node
14 verbose request uri https://registry.npmjs.org/node
15 verbose request no auth needed
16 info attempt registry request try #1 at 3:19:33 PM
17 verbose request id c59e66ef43a8c0dc
18 verbose etag W/"594446e3-435"
19 verbose lastModified Fri, 16 Jun 2017 21:00:19 GMT
20 http request GET https://registry.npmjs.org/node
21 http 304 https://registry.npmjs.org/node
22 verbose headers { date: 'Mon, 24 Jul 2017 19:19:33 GMT',
22 verbose headers   via: '1.1 varnish',
22 verbose headers   'cache-control': 'max-age=300',
22 verbose headers   etag: 'W/"594446e3-435"',
22 verbose headers   age: '44',
22 verbose headers   connection: 'keep-alive',
22 verbose headers   'x-served-by': 'cache-jfk8127-JFK',
22 verbose headers   'x-cache': 'HIT',
22 verbose headers   'x-cache-hits': '1',
22 verbose headers   'x-timer': 'S1500923973.380433,VS0,VE1',
22 verbose headers   vary: 'Accept-Encoding, Accept' }
23 silly get cb [ 304,
23 silly get   { date: 'Mon, 24 Jul 2017 19:19:33 GMT',
23 silly get     via: '1.1 varnish',
23 silly get     'cache-control': 'max-age=300',
23 silly get     etag: 'W/"594446e3-435"',
23 silly get     age: '44',
23 silly get     connection: 'keep-alive',
23 silly get     'x-served-by': 'cache-jfk8127-JFK',
23 silly get     'x-cache': 'HIT',
23 silly get     'x-cache-hits': '1',
23 silly get     'x-timer': 'S1500923973.380433,VS0,VE1',
23 silly get     vary: 'Accept-Encoding, Accept' } ]
24 verbose etag https://registry.npmjs.org/node from cache
25 verbose get saving node to /Users/ZHyman/.npm/registry.npmjs.org/node/.cache.json
26 verbose correctMkdir /Users/ZHyman/.npm correctMkdir not in flight; initializing
27 silly install normalizeTree
28 silly loadCurrentTree Finishing
29 silly loadIdealTree Starting
30 silly install loadIdealTree
31 silly cloneCurrentTree Starting
32 silly install cloneCurrentTreeToIdealTree
33 silly cloneCurrentTree Finishing
34 silly loadShrinkwrap Starting
35 silly install loadShrinkwrap
36 silly loadShrinkwrap Finishing
37 silly loadAllDepsIntoIdealTree Starting
38 silly install loadAllDepsIntoIdealTree
39 silly resolveWithNewModule node@0.0.0 checking installable status
40 silly cache add args [ 'node@^0.0.0', null ]
41 verbose cache add spec node@^0.0.0
42 silly cache add parsed spec Result {
42 silly cache add   raw: 'node@^0.0.0',
42 silly cache add   scope: null,
42 silly cache add   escapedName: 'node',
42 silly cache add   name: 'node',
42 silly cache add   rawSpec: '^0.0.0',
42 silly cache add   spec: '>=0.0.0 <0.0.1',
42 silly cache add   type: 'range' }
43 silly addNamed node@>=0.0.0 <0.0.1
44 verbose addNamed ">=0.0.0 <0.0.1" is a valid semver range for node
45 silly addNameRange { name: 'node', range: '>=0.0.0 <0.0.1', hasData: false }
46 silly mapToRegistry name node
47 silly mapToRegistry using default registry
48 silly mapToRegistry registry https://registry.npmjs.org/
49 silly mapToRegistry data Result {
49 silly mapToRegistry   raw: 'node',
49 silly mapToRegistry   scope: null,
49 silly mapToRegistry   escapedName: 'node',
49 silly mapToRegistry   name: 'node',
49 silly mapToRegistry   rawSpec: '',
49 silly mapToRegistry   spec: 'latest',
49 silly mapToRegistry   type: 'tag' }
50 silly mapToRegistry uri https://registry.npmjs.org/node
51 verbose addNameRange registry:https://registry.npmjs.org/node not in flight; fetching
52 verbose get https://registry.npmjs.org/node not expired, no request
53 silly addNameRange number 2 { name: 'node', range: '>=0.0.0 <0.0.1', hasData: true }
54 silly addNameRange versions [ 'node', [ '0.0.0' ] ]
55 silly addNamed node@0.0.0
56 verbose addNamed "0.0.0" is a plain semver version for node
57 warn deprecated node@0.0.0: To update or install node, go to http://nodejs.org/
58 silly cache afterAdd node@0.0.0
59 verbose afterAdd /Users/ZHyman/.npm/node/0.0.0/package/package.json not in flight; writing
60 verbose correctMkdir /Users/ZHyman/.npm correctMkdir not in flight; initializing
61 verbose afterAdd /Users/ZHyman/.npm/node/0.0.0/package/package.json written
62 silly loadAllDepsIntoIdealTree Finishing
63 silly loadIdealTree Finishing
64 silly currentTree jQuery-test
64 silly currentTree └── node@0.0.0
65 silly idealTree jQuery-test
65 silly idealTree └── node@0.0.0
66 silly generateActionsToTake Starting
67 silly install generateActionsToTake
68 silly generateActionsToTake Finishing
69 silly diffTrees action count 1
70 silly diffTrees update node@0.0.0
71 silly decomposeActions action count 9
72 silly decomposeActions remove node@0.0.0
73 silly decomposeActions fetch node@0.0.0
74 silly decomposeActions extract node@0.0.0
75 silly decomposeActions test node@0.0.0
76 silly decomposeActions preinstall node@0.0.0
77 silly decomposeActions build node@0.0.0
78 silly decomposeActions install node@0.0.0
79 silly decomposeActions postinstall node@0.0.0
80 silly decomposeActions finalize node@0.0.0
81 silly runTopLevelLifecycles Starting
82 silly executeActions Starting
83 silly install executeActions
84 silly doSerial global-install 0
85 silly doParallel fetch 1
86 verbose correctMkdir /Users/ZHyman/.npm/_locks correctMkdir not in flight; initializing
87 verbose lock using /Users/ZHyman/.npm/_locks/staging-3d0201fe4a43f5a6.lock for /Volumes/DXInterns/Zach/sites/jQuery-test/node_modules/.staging
88 silly doParallel extract 1
89 silly extract node@0.0.0
90 verbose unbuild node_modules/.staging/node-f1bb43a6
91 silly gentlyRm /Volumes/DXInterns/Zach/sites/jQuery-test/node_modules/.staging/node-f1bb43a6 is being purged from base /Volumes/DXInterns/Zach/sites/jQuery-test
92 verbose gentlyRm don't care about contents; nuking /Volumes/DXInterns/Zach/sites/jQuery-test/node_modules/.staging/node-f1bb43a6
93 verbose tar unpack /Users/ZHyman/.npm/node/0.0.0/package.tgz
94 verbose tar unpacking to /Volumes/DXInterns/Zach/sites/jQuery-test/node_modules/.staging/node-f1bb43a6
95 silly gentlyRm /Volumes/DXInterns/Zach/sites/jQuery-test/node_modules/.staging/node-f1bb43a6 is being purged
96 verbose gentlyRm don't care about contents; nuking /Volumes/DXInterns/Zach/sites/jQuery-test/node_modules/.staging/node-f1bb43a6
97 silly gunzTarPerm modes [ '755', '644' ]
98 silly gunzTarPerm extractEntry package.json
99 verbose unlock done using /Users/ZHyman/.npm/_locks/staging-3d0201fe4a43f5a6.lock for /Volumes/DXInterns/Zach/sites/jQuery-test/node_modules/.staging
100 silly rollbackFailedOptional Starting
101 silly rollbackFailedOptional Finishing
102 silly runTopLevelLifecycles Finishing
103 silly install printInstalled
104 warn jQuery-test No description
105 verbose If you need help, you may report this error at:
105 verbose     <https://github.com/npm/npm/issues>
106 warn jQuery-test No repository field.
107 verbose If you need help, you may report this error at:
107 verbose     <https://github.com/npm/npm/issues>
108 warn jQuery-test No license field.
109 verbose If you need help, you may report this error at:
109 verbose     <https://github.com/npm/npm/issues>
110 verbose stack Error: EPERM: operation not permitted, chown '/Volumes/DXInterns/Zach/sites/jQuery-test/node_modules/.staging/node-f1bb43a6/package.json.222115224'
110 verbose stack     at Error (native)
111 verbose cwd /Volumes/DXInterns/Zach/sites/jQuery-test
112 error Darwin 16.6.0
113 error argv "/usr/local/bin/node" "/usr/local/bin/npm" "install" "node"
114 error node v6.11.0
115 error npm  v3.10.10
116 error path /Volumes/DXInterns/Zach/sites/jQuery-test/node_modules/.staging/node-f1bb43a6/package.json.222115224
117 error code EPERM
118 error errno -1
119 error syscall chown
120 error Error: EPERM: operation not permitted, chown '/Volumes/DXInterns/Zach/sites/jQuery-test/node_modules/.staging/node-f1bb43a6/package.json.222115224'
120 error     at Error (native)
120 error  { Error: EPERM: operation not permitted, chown '/Volumes/DXInterns/Zach/sites/jQuery-test/node_modules/.staging/node-f1bb43a6/package.json.222115224'
120 error     at Error (native)
120 error   errno: -1,
120 error   code: 'EPERM',
120 error   syscall: 'chown',
120 error   path: '/Volumes/DXInterns/Zach/sites/jQuery-test/node_modules/.staging/node-f1bb43a6/package.json.222115224' }
121 error Please try running this command again as root/Administrator.
122 verbose exit [ -1, true ]
